<?xml version="1.0" encoding="UTF-8"?>
<testsuite name="challenge.calculator.NPSCalculatorTest" tests="3" skipped="0" failures="0" errors="0" timestamp="2019-01-15T01:33:19" hostname="Jeffreys-MacBook-Pro.local" time="0.018">
  <properties/>
  <testcase name="testNPSCalculation" classname="challenge.calculator.NPSCalculatorTest" time="0.016"/>
  <testcase name="testNullNPS" classname="challenge.calculator.NPSCalculatorTest" time="0.0"/>
  <testcase name="testEmptyNPS" classname="challenge.calculator.NPSCalculatorTest" time="0.0"/>
  <system-out><![CDATA[]]></system-out>
  <system-err><![CDATA[]]></system-err>
</testsuite>
