<?xml version="1.0" encoding="UTF-8"?>
<testsuite name="challenge.parser.OrderParserTest" tests="3" skipped="0" failures="0" errors="0" timestamp="2019-01-15T01:33:20" hostname="Jeffreys-MacBook-Pro.local" time="0.007">
  <properties/>
  <testcase name="testCoordinateValidation" classname="challenge.parser.OrderParserTest" time="0.001"/>
  <testcase name="testOrderIdValidation" classname="challenge.parser.OrderParserTest" time="0.001"/>
  <testcase name="testOrderTimeValidation" classname="challenge.parser.OrderParserTest" time="0.005"/>
  <system-out><![CDATA[2019-01-14 20:33:20 [OrderParser] ERROR - Order Id (WM10000) does not match format 'WM[0-9]{4}'
2019-01-14 20:33:20 [OrderParser] ERROR - Order Id (Test) does not match format 'WM[0-9]{4}'
2019-01-14 20:33:20 [OrderParser] ERROR - Order Id (WMWMWM) does not match format 'WM[0-9]{4}'
2019-01-14 20:33:20 [OrderParser] ERROR - Order Time (24:11:50) does not match format 'HH:mm:ss'
2019-01-14 20:33:20 [OrderParser] ERROR - Order Time (1:11:50) does not match format 'HH:mm:ss'
]]></system-out>
  <system-err><![CDATA[]]></system-err>
</testsuite>
