<?xml version="1.0" encoding="UTF-8"?>
<testsuite name="challenge.model.GridCoordinateTest" tests="4" skipped="0" failures="0" errors="0" timestamp="2019-01-15T01:33:20" hostname="Jeffreys-MacBook-Pro.local" time="0.003">
  <properties/>
  <testcase name="testToString" classname="challenge.model.GridCoordinateTest" time="0.0"/>
  <testcase name="testDistance" classname="challenge.model.GridCoordinateTest" time="0.001"/>
  <testcase name="testEquals" classname="challenge.model.GridCoordinateTest" time="0.001"/>
  <testcase name="testBasicInstantiation" classname="challenge.model.GridCoordinateTest" time="0.001"/>
  <system-out><![CDATA[]]></system-out>
  <system-err><![CDATA[]]></system-err>
</testsuite>
