<?xml version="1.0" encoding="UTF-8"?>
<testsuite name="challenge.exporter.DeliveryExporterTest" tests="4" skipped="0" failures="0" errors="0" timestamp="2019-01-15T01:33:20" hostname="Jeffreys-MacBook-Pro.local" time="0.01">
  <properties/>
  <testcase name="testDeliveriesExport" classname="challenge.exporter.DeliveryExporterTest" time="0.007"/>
  <testcase name="testSingleDeliveryExport" classname="challenge.exporter.DeliveryExporterTest" time="0.001"/>
  <testcase name="testEmptyExport" classname="challenge.exporter.DeliveryExporterTest" time="0.0"/>
  <testcase name="testNullExport" classname="challenge.exporter.DeliveryExporterTest" time="0.0"/>
  <system-out><![CDATA[]]></system-out>
  <system-err><![CDATA[]]></system-err>
</testsuite>
